Unity Editor version:    2020.3.29f1 (2ff179115da0)
Branch:                  2020.3/staging
Build type:              Release
Batch mode:              YES
macOS version:           Version 10.14.6 (Build 18G103)
Darwin version:          18.7.0
Architecture:            x86_64
Running under Rosetta:   NO
Available memory:        8192 MB
Using pre-set license
Pro License: NO

COMMAND LINE ARGUMENTS:
/Applications/Unity/Hub/Editor/2020.3.29f1/Unity.app/Contents/MacOS/Unity
-adb2
-batchMode
-noUpm
-name
AssetImportWorker0
-projectPath
/Users/stephanieopon/Documents/GitHub/brbaddies/Bowlingg
-logFile
Logs/AssetImportWorker0.log
-srvPort
53942
Successfully changed project path to: /Users/stephanieopon/Documents/GitHub/brbaddies/Bowlingg
/Users/stephanieopon/Documents/GitHub/brbaddies/Bowlingg
Using Asset Import Pipeline V2.
Refreshing native plugins compatible for Editor in 488.56 ms, found 3 plugins.
Preloading 1 native plugins for Editor in 26.74 ms.
Initialize engine version: 2020.3.29f1 (2ff179115da0)
[Subsystems] Discovering subsystems at path /Applications/Unity/Hub/Editor/2020.3.29f1/Unity.app/Contents/Resources/UnitySubsystems
[Subsystems] Discovering subsystems at path /Users/stephanieopon/Documents/GitHub/brbaddies/Bowlingg/Assets
GfxDevice: creating device client; threaded=0
2022-04-19 16:17:59.178 Unity[78134:2309850] Color LCD preferred device: Intel(R) Iris(TM) Plus Graphics 640 (low power)
2022-04-19 16:17:59.178 Unity[78134:2309850] Metal devices available: 1
2022-04-19 16:17:59.178 Unity[78134:2309850] 0: Intel(R) Iris(TM) Plus Graphics 640 (low power)
2022-04-19 16:17:59.180 Unity[78134:2309850] Using device Intel(R) Iris(TM) Plus Graphics 640 (low power)
Initializing Metal device caps: Intel(R) Iris(TM) Plus Graphics 640
Initialize mono
Mono path[0] = '/Applications/Unity/Hub/Editor/2020.3.29f1/Unity.app/Contents/Managed'
Mono path[1] = '/Applications/Unity/Hub/Editor/2020.3.29f1/Unity.app/Contents/MonoBleedingEdge/lib/mono/unityjit'
Mono config path = '/Applications/Unity/Hub/Editor/2020.3.29f1/Unity.app/Contents/MonoBleedingEdge/etc'
Using monoOptions --debugger-agent=transport=dt_socket,embedding=1,server=y,suspend=n,address=127.0.0.1:56134
Begin MonoManager ReloadAssembly
Registering precompiled unity dll's ...
Register platform support module: /Applications/Unity/Hub/Editor/2020.3.29f1/PlaybackEngines/WebGLSupport/UnityEditor.WebGL.Extensions.dll
Register platform support module: /Applications/Unity/Hub/Editor/2020.3.29f1/Unity.app/Contents/PlaybackEngines/MacStandaloneSupport/UnityEditor.OSXStandalone.Extensions.dll
Registered in 0.004839 seconds.
Native extension for OSXStandalone target not found
Native extension for WebGL target not found
Refreshing native plugins compatible for Editor in 397.61 ms, found 3 plugins.
Preloading 1 native plugins for Editor in 0.59 ms.
Mono: successfully reloaded assembly
- Completed reload, in  4.542 seconds
Domain Reload Profiling:
	ReloadAssembly (4542ms)
		BeginReloadAssembly (729ms)
			ExecutionOrderSort (0ms)
			DisableScriptedObjects (0ms)
			BackupInstance (0ms)
			ReleaseScriptingObjects (0ms)
			CreateAndSetChildDomain (2ms)
		EndReloadAssembly (3464ms)
			LoadAssemblies (914ms)
			RebuildTransferFunctionScriptingTraits (2ms)
			SetupTypeCache (1130ms)
			ReleaseScriptCaches (0ms)
			RebuildScriptCaches (349ms)
			SetupLoadedEditorAssemblies (1382ms)
				LogAssemblyErrors (0ms)
				InitializePlatformSupportModulesInManaged (14ms)
				SetLoadedEditorAssemblies (1ms)
				RefreshPlugins (398ms)
				BeforeProcessingInitializeOnLoad (95ms)
				ProcessInitializeOnLoadAttributes (557ms)
				ProcessInitializeOnLoadMethodAttributes (317ms)
				AfterProcessingInitializeOnLoad (0ms)
				EditorAssembliesLoaded (0ms)
			ExecutionOrderSort2 (0ms)
			AwakeInstancesAfterBackupRestoration (0ms)
Platform modules already initialized, skipping
Registering precompiled user dll's ...
Registered in 0.009579 seconds.
Begin MonoManager ReloadAssembly
Native extension for OSXStandalone target not found
Native extension for WebGL target not found
Refreshing native plugins compatible for Editor in 384.21 ms, found 3 plugins.
Preloading 1 native plugins for Editor in 0.69 ms.
Mono: successfully reloaded assembly
- Completed reload, in 10.219 seconds
Domain Reload Profiling:
	ReloadAssembly (10223ms)
		BeginReloadAssembly (1170ms)
			ExecutionOrderSort (0ms)
			DisableScriptedObjects (13ms)
			BackupInstance (0ms)
			ReleaseScriptingObjects (0ms)
			CreateAndSetChildDomain (86ms)
		EndReloadAssembly (8586ms)
			LoadAssemblies (801ms)
			RebuildTransferFunctionScriptingTraits (0ms)
			SetupTypeCache (3268ms)
			ReleaseScriptCaches (2ms)
			RebuildScriptCaches (503ms)
			SetupLoadedEditorAssemblies (3197ms)
				LogAssemblyErrors (0ms)
				InitializePlatformSupportModulesInManaged (57ms)
				SetLoadedEditorAssemblies (0ms)
				RefreshPlugins (385ms)
				BeforeProcessingInitializeOnLoad (480ms)
				ProcessInitializeOnLoadAttributes (2167ms)
				ProcessInitializeOnLoadMethodAttributes (100ms)
				AfterProcessingInitializeOnLoad (1ms)
				EditorAssembliesLoaded (7ms)
			ExecutionOrderSort2 (0ms)
			AwakeInstancesAfterBackupRestoration (24ms)
Platform modules already initialized, skipping
Validating Project structure ... 0.008449 seconds.
Shader import version has changed; will reimport all shaders...
Upgrading shader files ...0.007402 seconds.
Application.AssetDatabase Initial Script Refresh Start
RefreshInfo: InitialScriptRefreshV2(NoUpdateAssetOptions) scanfilter:  ... 1 filters
RefreshProfiler: Total: 0.000ms
Application.AssetDatabase Initial Script Refresh End
Application.AssetDatabase.Refresh Start
Application.AssetDatabase.Refresh End
RefreshInfo: StopAssetImportingV2(ForceSynchronousImport) scanfilter: 
RefreshProfiler: Total: 0.000ms
Launching external process: /Applications/Unity/Hub/Editor/2020.3.29f1/Unity.app/Contents/Tools/UnityShaderCompiler
Launched and connected shader compiler UnityShaderCompiler after 0.05 seconds
Initializing Unity extensions:
========================================================================
Worker process is ready to serve import requests
Refreshing native plugins compatible for Editor in 1.62 ms, found 3 plugins.
Preloading 1 native plugins for Editor in 0.63 ms.
Unloading 3656 Unused Serialized files (Serialized files now loaded: 0)
System memory in use before: 285.6 MB.
System memory in use after: 285.5 MB.

Unloading 186 unused Assets to reduce memory usage. Loaded Objects now: 4117.
Total: 20.412335 ms (FindLiveObjects: 0.791515 ms CreateObjectMapping: 0.329690 ms MarkObjects: 18.892311 ms  DeleteObjects: 0.396943 ms)

AssetImportParameters requested are different than current active one (requested -> active):
  custom:video-decoder-ogg-theora: a1e56fd34408186e4bbccfd4996cb3dc -> 
  custom:container-muxer-webm: aa71ff27fc2769a1b78a27578f13a17b -> 
  custom:container-demuxer-webm: 4f35f7cbe854078d1ac9338744f61a02 -> 
  custom:container-demuxer-ogg: 62fdf1f143b41e24485cea50d1cbac27 -> 
  custom:video-encoder-webm-vp8: eb34c28f22e8b96e1ab97ce403110664 -> 
  custom:framework-osx-AVFoundation: b23960f63f64bdc6ff669e2cdcee2391 -> 
  custom:video-decoder-webm-vp8: 9c59270c3fd7afecdb556c50c9e8de78 -> 
  custom:audio-decoder-ogg-vorbis: bf7c407c2cedff20999df2af8eb42d56 -> 
  custom:audio-encoder-webm-vorbis: bf7c407c2cedff20999df2af8eb42d56 -> 
========================================================================
Received Import Request.
  path: Assets/Assets/Sounds
  artifactKey: Guid(3b3422dbd13d643a09e92b4dedb89625) Importer(815301076,1909f56bfc062723c751e8b465ee728b)
Start importing Assets/Assets/Sounds using Guid(3b3422dbd13d643a09e92b4dedb89625) Importer(815301076,1909f56bfc062723c751e8b465ee728b)  -> (artifact id: 'f1f86d6c376b577fd6a6a097dfd4b214') in 0.008681 seconds 
  Import took 0.024534 seconds .

========================================================================
Received Import Request.
  Time since last request: 0.000298 seconds.
  path: Assets/Assets/Sounds/yt5s.com - Pop sound effect (128 kbps).mp3
  artifactKey: Guid(4e84eabf5b08e4f45b7d97ecb79ad471) Importer(815301076,1909f56bfc062723c751e8b465ee728b)
Start importing Assets/Assets/Sounds/yt5s.com - Pop sound effect (128 kbps).mp3 using Guid(4e84eabf5b08e4f45b7d97ecb79ad471) Importer(815301076,1909f56bfc062723c751e8b465ee728b)  -> (artifact id: '0e864772c7b2949d7d4b530ac9105d04') in 0.903689 seconds 
  Import took 0.916089 seconds .

========================================================================
Received Import Request.
  Time since last request: 105.397300 seconds.
  path: Packages/com.unity.searcher/Editor/Resources/FlatSkin/Font/Roboto-Italic.ttf
  artifactKey: Guid(c839255fc8f6b4b4d90bf8c1af9f9bd1) Importer(815301076,1909f56bfc062723c751e8b465ee728b)
Start importing Packages/com.unity.searcher/Editor/Resources/FlatSkin/Font/Roboto-Italic.ttf using Guid(c839255fc8f6b4b4d90bf8c1af9f9bd1) Importer(815301076,1909f56bfc062723c751e8b465ee728b)  -> (artifact id: '570d0dc13ccb788bec53cb5221cd5791') in 1.071578 seconds 
  Import took 1.103634 seconds .

========================================================================
Received Import Request.
  Time since last request: 0.000291 seconds.
  path: Packages/com.unity.searcher/Editor/Resources/FlatSkin/Font/Roboto-Light.ttf
  artifactKey: Guid(2a29e27936eb547458f646f71125b264) Importer(815301076,1909f56bfc062723c751e8b465ee728b)
Start importing Packages/com.unity.searcher/Editor/Resources/FlatSkin/Font/Roboto-Light.ttf using Guid(2a29e27936eb547458f646f71125b264) Importer(815301076,1909f56bfc062723c751e8b465ee728b)  -> (artifact id: 'f39b26d277be2ca9a4b0ded144261f2a') in 0.440146 seconds 
  Import took 0.454276 seconds .

========================================================================
Received Import Request.
  Time since last request: 0.000368 seconds.
  path: Packages/com.unity.searcher/Editor/Resources/FlatSkin/Font/Roboto-Thin.ttf
  artifactKey: Guid(19a9abb883540be48b75b951a927ae03) Importer(815301076,1909f56bfc062723c751e8b465ee728b)
Start importing Packages/com.unity.searcher/Editor/Resources/FlatSkin/Font/Roboto-Thin.ttf using Guid(19a9abb883540be48b75b951a927ae03) Importer(815301076,1909f56bfc062723c751e8b465ee728b)  -> (artifact id: '83c7b80926ebc735697788704d1cdbfb') in 0.088708 seconds 
  Import took 0.118682 seconds .

========================================================================
Received Import Request.
  Time since last request: 0.000247 seconds.
  path: Packages/com.unity.searcher/Editor/Resources/FlatSkin/Font/Roboto-BlackItalic.ttf
  artifactKey: Guid(f95147a9bab9fe649b8070170fa7ebd2) Importer(815301076,1909f56bfc062723c751e8b465ee728b)
Start importing Packages/com.unity.searcher/Editor/Resources/FlatSkin/Font/Roboto-BlackItalic.ttf using Guid(f95147a9bab9fe649b8070170fa7ebd2) Importer(815301076,1909f56bfc062723c751e8b465ee728b)  -> (artifact id: '0f2ba7ed2a854d6d5f839262d60bda0c') in 0.071522 seconds 
  Import took 0.079539 seconds .

========================================================================
Received Import Request.
  Time since last request: 0.000260 seconds.
  path: Packages/com.unity.searcher/Editor/Resources/FlatSkin/Font/Roboto-MediumItalic.ttf
  artifactKey: Guid(d93c1bc57fdf1ac4dad1bf04fac05464) Importer(815301076,1909f56bfc062723c751e8b465ee728b)
Start importing Packages/com.unity.searcher/Editor/Resources/FlatSkin/Font/Roboto-MediumItalic.ttf using Guid(d93c1bc57fdf1ac4dad1bf04fac05464) Importer(815301076,1909f56bfc062723c751e8b465ee728b)  -> (artifact id: 'a9768c2717b1b9e98b8e41458961c5a7') in 0.072177 seconds 
  Import took 0.081253 seconds .

========================================================================
Received Import Request.
  Time since last request: 0.000300 seconds.
  path: Packages/com.unity.searcher/Editor/Resources/FlatSkin/Font/Roboto-Bold.ttf
  artifactKey: Guid(3750c318f40cab44a97d3a81beaefeb3) Importer(815301076,1909f56bfc062723c751e8b465ee728b)
Start importing Packages/com.unity.searcher/Editor/Resources/FlatSkin/Font/Roboto-Bold.ttf using Guid(3750c318f40cab44a97d3a81beaefeb3) Importer(815301076,1909f56bfc062723c751e8b465ee728b)  -> (artifact id: '213c56c364d12700126a1dd4efefa453') in 0.069100 seconds 
  Import took 0.076647 seconds .

========================================================================
Received Import Request.
  Time since last request: 0.000232 seconds.
  path: Packages/com.unity.searcher/Editor/Resources/FlatSkin/Font/Roboto-ThinItalic.ttf
  artifactKey: Guid(b2ea3b3f1765e544b9eb5bd1a93a91ce) Importer(815301076,1909f56bfc062723c751e8b465ee728b)
Start importing Packages/com.unity.searcher/Editor/Resources/FlatSkin/Font/Roboto-ThinItalic.ttf using Guid(b2ea3b3f1765e544b9eb5bd1a93a91ce) Importer(815301076,1909f56bfc062723c751e8b465ee728b)  -> (artifact id: '447a362d02ff630dcb8950b98ad2637a') in 0.067263 seconds 
  Import took 0.075800 seconds .

========================================================================
Received Import Request.
  Time since last request: 0.000248 seconds.
  path: Packages/com.unity.searcher/Editor/Resources/FlatSkin/Font/Roboto-Black.ttf
  artifactKey: Guid(1062c701058745940ae5dca6219c64c8) Importer(815301076,1909f56bfc062723c751e8b465ee728b)
Start importing Packages/com.unity.searcher/Editor/Resources/FlatSkin/Font/Roboto-Black.ttf using Guid(1062c701058745940ae5dca6219c64c8) Importer(815301076,1909f56bfc062723c751e8b465ee728b)  -> (artifact id: '66f6a81f2dd7db267ac0e239c52f1168') in 0.060049 seconds 
  Import took 0.068156 seconds .

========================================================================
Received Import Request.
  Time since last request: 0.000240 seconds.
  path: Packages/com.unity.searcher/Editor/Resources/FlatSkin/Font/Roboto-Regular.ttf
  artifactKey: Guid(30dc370b164eefc43b95744fc796dad0) Importer(815301076,1909f56bfc062723c751e8b465ee728b)
Start importing Packages/com.unity.searcher/Editor/Resources/FlatSkin/Font/Roboto-Regular.ttf using Guid(30dc370b164eefc43b95744fc796dad0) Importer(815301076,1909f56bfc062723c751e8b465ee728b)  -> (artifact id: 'd2cdc80263a4b42151946bade5305952') in 0.062005 seconds 
  Import took 0.071322 seconds .

========================================================================
Received Import Request.
  Time since last request: 0.000807 seconds.
  path: Packages/com.unity.render-pipelines.universal/Runtime/Materials/Lit.mat
  artifactKey: Guid(31321ba15b8f8eb4c954353edc038b1d) Importer(815301076,1909f56bfc062723c751e8b465ee728b)
Start importing Packages/com.unity.render-pipelines.universal/Runtime/Materials/Lit.mat using Guid(31321ba15b8f8eb4c954353edc038b1d) Importer(815301076,1909f56bfc062723c751e8b465ee728b)  -> (artifact id: '97a46e45ab72210011683b98bb693f19') in 0.748194 seconds 
  Import took 0.764557 seconds .

========================================================================
Received Import Request.
  Time since last request: 0.000291 seconds.
  path: Packages/com.unity.searcher/Editor/Resources/FlatSkin/Font/Roboto-Medium.ttf
  artifactKey: Guid(a51a3aebb43ac044989270407476b208) Importer(815301076,1909f56bfc062723c751e8b465ee728b)
Start importing Packages/com.unity.searcher/Editor/Resources/FlatSkin/Font/Roboto-Medium.ttf using Guid(a51a3aebb43ac044989270407476b208) Importer(815301076,1909f56bfc062723c751e8b465ee728b)  -> (artifact id: '58f89bbd45968a509624139ccf0877bd') in 0.054330 seconds 
  Import took 0.064874 seconds .

========================================================================
Received Import Request.
  Time since last request: 0.000369 seconds.
  path: Packages/com.unity.render-pipelines.core/Runtime/Debugging/Prefabs/Fonts/Perfect DOS VGA 437.ttf
  artifactKey: Guid(74a5091d8707f334b9a5c31ef71a64ba) Importer(815301076,1909f56bfc062723c751e8b465ee728b)
Start importing Packages/com.unity.render-pipelines.core/Runtime/Debugging/Prefabs/Fonts/Perfect DOS VGA 437.ttf using Guid(74a5091d8707f334b9a5c31ef71a64ba) Importer(815301076,1909f56bfc062723c751e8b465ee728b)  -> (artifact id: 'f8b2f568eeafdbfaafdaea5530420399') in 0.035364 seconds 
  Import took 0.048053 seconds .

========================================================================
Received Import Request.
  Time since last request: 0.000284 seconds.
  path: Packages/com.unity.searcher/Editor/Resources/FlatSkin/Font/Roboto-BoldItalic.ttf
  artifactKey: Guid(dfb97a9307a577a41bcacba34b9a7e32) Importer(815301076,1909f56bfc062723c751e8b465ee728b)
Start importing Packages/com.unity.searcher/Editor/Resources/FlatSkin/Font/Roboto-BoldItalic.ttf using Guid(dfb97a9307a577a41bcacba34b9a7e32) Importer(815301076,1909f56bfc062723c751e8b465ee728b)  -> (artifact id: 'aefe1f3ec854c03dc976965ad1459c1d') in 0.049436 seconds 
  Import took 0.065910 seconds .

========================================================================
Received Import Request.
  Time since last request: 0.000266 seconds.
  path: Packages/com.unity.searcher/Editor/Resources/FlatSkin/Font/Roboto-LightItalic.ttf
  artifactKey: Guid(5e63515167650a541b309ba3bfd4db3d) Importer(815301076,1909f56bfc062723c751e8b465ee728b)
Start importing Packages/com.unity.searcher/Editor/Resources/FlatSkin/Font/Roboto-LightItalic.ttf using Guid(5e63515167650a541b309ba3bfd4db3d) Importer(815301076,1909f56bfc062723c751e8b465ee728b)  -> (artifact id: 'e1f25ea24ef184c98b3a0ece4606091a') in 0.052105 seconds 
  Import took 0.070652 seconds .

========================================================================
Received Import Request.
  Time since last request: 4.358531 seconds.
  path: Assets/Settings/ForwardRenderer.asset
  artifactKey: Guid(4a8e21d5c33334b11b34a596161b9360) Importer(815301076,1909f56bfc062723c751e8b465ee728b)
Start importing Assets/Settings/ForwardRenderer.asset using Guid(4a8e21d5c33334b11b34a596161b9360) Importer(815301076,1909f56bfc062723c751e8b465ee728b)  -> (artifact id: '63cf95242464b0f1307a08bc2392aaaa') in 0.298721 seconds 
  Import took 0.311047 seconds .

========================================================================
Received Import Request.
  Time since last request: 0.000275 seconds.
  path: Assets/Settings/SampleSceneProfile.asset
  artifactKey: Guid(10fc4df2da32a41aaa32d77bc913491c) Importer(815301076,1909f56bfc062723c751e8b465ee728b)
Start importing Assets/Settings/SampleSceneProfile.asset using Guid(10fc4df2da32a41aaa32d77bc913491c) Importer(815301076,1909f56bfc062723c751e8b465ee728b)  -> (artifact id: 'd2b3f476ab718b1cf20d183dd9addfe7') in 0.052250 seconds 
  Import took 0.072820 seconds .

========================================================================
Received Import Request.
  Time since last request: 0.000711 seconds.
  path: Assets/Settings/UniversalRP-LowQuality.asset
  artifactKey: Guid(a31e9f9f9c9d4b9429ed0d1234e22103) Importer(815301076,1909f56bfc062723c751e8b465ee728b)
Start importing Assets/Settings/UniversalRP-LowQuality.asset using Guid(a31e9f9f9c9d4b9429ed0d1234e22103) Importer(815301076,1909f56bfc062723c751e8b465ee728b)  -> (artifact id: 'b226a0bb157262eadf686f6bb5b5f1f8') in 0.011012 seconds 
  Import took 0.029359 seconds .

========================================================================
Received Import Request.
  Time since last request: 0.000101 seconds.
  path: Assets/Settings/UniversalRP-MediumQuality.asset
  artifactKey: Guid(d847b876476d3d6468f5dfcd34266f96) Importer(815301076,1909f56bfc062723c751e8b465ee728b)
Start importing Assets/Settings/UniversalRP-MediumQuality.asset using Guid(d847b876476d3d6468f5dfcd34266f96) Importer(815301076,1909f56bfc062723c751e8b465ee728b)  -> (artifact id: 'd421f548a6507a11f25ec3578746e9c1') in 0.014984 seconds 
  Import took 0.029865 seconds .

========================================================================
Received Import Request.
  Time since last request: 0.000294 seconds.
  path: Assets/Settings/UniversalRP-HighQuality.asset
  artifactKey: Guid(19ba41d7c0026c3459d37c2fe90c55a0) Importer(815301076,1909f56bfc062723c751e8b465ee728b)
Start importing Assets/Settings/UniversalRP-HighQuality.asset using Guid(19ba41d7c0026c3459d37c2fe90c55a0) Importer(815301076,1909f56bfc062723c751e8b465ee728b)  -> (artifact id: '02e18c1f933b70f494440bf5e7626866') in 0.010571 seconds 
  Import took 0.042937 seconds .

========================================================================
Received Import Request.
  Time since last request: 0.739396 seconds.
  path: Assets/XR/XRGeneralSettings.asset
  artifactKey: Guid(45f57d8372dae4c48b8023d5708132e3) Importer(815301076,1909f56bfc062723c751e8b465ee728b)
Start importing Assets/XR/XRGeneralSettings.asset using Guid(45f57d8372dae4c48b8023d5708132e3) Importer(815301076,1909f56bfc062723c751e8b465ee728b)  -> (artifact id: 'da077895507241bea076d4f781b4c200') in 0.024634 seconds 
  Import took 0.035977 seconds .

========================================================================
Received Prepare
Refreshing native plugins compatible for Editor in 86.33 ms, found 3 plugins.
Preloading 1 native plugins for Editor in 0.80 ms.
Unloading 31 Unused Serialized files (Serialized files now loaded: 0)
System memory in use before: 230.8 MB.
System memory in use after: 231.0 MB.

Unloading 29 unused Assets to reduce memory usage. Loaded Objects now: 4229.
Total: 24.635148 ms (FindLiveObjects: 0.549091 ms CreateObjectMapping: 0.256776 ms MarkObjects: 23.792038 ms  DeleteObjects: 0.035927 ms)

AssetImportParameters requested are different than current active one (requested -> active):
  custom:video-decoder-ogg-theora: a1e56fd34408186e4bbccfd4996cb3dc -> 
  custom:container-muxer-webm: aa71ff27fc2769a1b78a27578f13a17b -> 
  custom:container-demuxer-webm: 4f35f7cbe854078d1ac9338744f61a02 -> 
  custom:container-demuxer-ogg: 62fdf1f143b41e24485cea50d1cbac27 -> 
  custom:video-encoder-webm-vp8: eb34c28f22e8b96e1ab97ce403110664 -> 
  custom:framework-osx-AVFoundation: b23960f63f64bdc6ff669e2cdcee2391 -> 
  custom:video-decoder-webm-vp8: 9c59270c3fd7afecdb556c50c9e8de78 -> 
  custom:audio-decoder-ogg-vorbis: bf7c407c2cedff20999df2af8eb42d56 -> 
  custom:audio-encoder-webm-vorbis: bf7c407c2cedff20999df2af8eb42d56 -> 
========================================================================
Received Prepare
Refreshing native plugins compatible for Editor in 16.27 ms, found 3 plugins.
Preloading 1 native plugins for Editor in 0.73 ms.
Unloading 29 Unused Serialized files (Serialized files now loaded: 0)
System memory in use before: 230.7 MB.
System memory in use after: 231.0 MB.

Unloading 29 unused Assets to reduce memory usage. Loaded Objects now: 4229.
Total: 19.512267 ms (FindLiveObjects: 1.212681 ms CreateObjectMapping: 0.309367 ms MarkObjects: 17.867279 ms  DeleteObjects: 0.121927 ms)

AssetImportParameters requested are different than current active one (requested -> active):
  custom:video-decoder-ogg-theora: a1e56fd34408186e4bbccfd4996cb3dc -> 
  custom:container-muxer-webm: aa71ff27fc2769a1b78a27578f13a17b -> 
  custom:container-demuxer-webm: 4f35f7cbe854078d1ac9338744f61a02 -> 
  custom:container-demuxer-ogg: 62fdf1f143b41e24485cea50d1cbac27 -> 
  custom:video-encoder-webm-vp8: eb34c28f22e8b96e1ab97ce403110664 -> 
  custom:framework-osx-AVFoundation: b23960f63f64bdc6ff669e2cdcee2391 -> 
  custom:video-decoder-webm-vp8: 9c59270c3fd7afecdb556c50c9e8de78 -> 
  custom:audio-decoder-ogg-vorbis: bf7c407c2cedff20999df2af8eb42d56 -> 
  custom:audio-encoder-webm-vorbis: bf7c407c2cedff20999df2af8eb42d56 -> 
========================================================================
Received Import Request.
  Time since last request: 645.363069 seconds.
  path: Assets/Assets/Sounds/grab.mp3
  artifactKey: Guid(4e84eabf5b08e4f45b7d97ecb79ad471) Importer(815301076,1909f56bfc062723c751e8b465ee728b)
Start importing Assets/Assets/Sounds/grab.mp3 using Guid(4e84eabf5b08e4f45b7d97ecb79ad471) Importer(815301076,1909f56bfc062723c751e8b465ee728b)  -> (artifact id: '70e80f9a0314e50c152ab534e3ebb2fd') in 0.105577 seconds 
  Import took 0.294948 seconds .

========================================================================
Received Import Request.
  Time since last request: 21.072929 seconds.
  path: Assets/Assets/Sounds/yt5s.com - Bowling one pin - Sound Effect (128 kbps).mp3
  artifactKey: Guid(a3cae8fb8beda42beb7f1fa1c82d5129) Importer(815301076,1909f56bfc062723c751e8b465ee728b)
Start importing Assets/Assets/Sounds/yt5s.com - Bowling one pin - Sound Effect (128 kbps).mp3 using Guid(a3cae8fb8beda42beb7f1fa1c82d5129) Importer(815301076,1909f56bfc062723c751e8b465ee728b)  -> (artifact id: '00d486f5c9e19ab114d6642e5d4d645e') in 0.022200 seconds 
  Import took 0.101907 seconds .

========================================================================
Received Import Request.
  Time since last request: 19.443329 seconds.
  path: Assets/Assets/Sounds/ball hitting pin.mp3
  artifactKey: Guid(a3cae8fb8beda42beb7f1fa1c82d5129) Importer(815301076,1909f56bfc062723c751e8b465ee728b)
Start importing Assets/Assets/Sounds/ball hitting pin.mp3 using Guid(a3cae8fb8beda42beb7f1fa1c82d5129) Importer(815301076,1909f56bfc062723c751e8b465ee728b)  -> (artifact id: '67ceedba723419efc0d47fdd18c91c5c') in 0.025509 seconds 
  Import took 0.045772 seconds .

========================================================================
Received Import Request.
  Time since last request: 553.757367 seconds.
  path: Assets/Assets/Sounds/8d82b5_Bowling_Ball_Rolling_Sound_Effect.mp3
  artifactKey: Guid(99cedd3a2a6754993acf4e804ae752ca) Importer(815301076,1909f56bfc062723c751e8b465ee728b)
Start importing Assets/Assets/Sounds/8d82b5_Bowling_Ball_Rolling_Sound_Effect.mp3 using Guid(99cedd3a2a6754993acf4e804ae752ca) Importer(815301076,1909f56bfc062723c751e8b465ee728b)  -> (artifact id: '35e1e10ef6d2c76df3d8883bb1ebe370') in 0.106139 seconds 
  Import took 0.161432 seconds .

========================================================================
Received Import Request.
  Time since last request: 39.093881 seconds.
  path: Assets/Assets/Sounds/rolling.mp3
  artifactKey: Guid(99cedd3a2a6754993acf4e804ae752ca) Importer(815301076,1909f56bfc062723c751e8b465ee728b)
Start importing Assets/Assets/Sounds/rolling.mp3 using Guid(99cedd3a2a6754993acf4e804ae752ca) Importer(815301076,1909f56bfc062723c751e8b465ee728b)  -> (artifact id: '431597e616400c952ee325f2a1965743') in 0.032410 seconds 
  Import took 0.062035 seconds .

========================================================================
Received Import Request.
  Time since last request: 318.328202 seconds.
  path: Assets/Scripts
  artifactKey: Guid(02a3527b6b33a924e8ec66aa805ea717) Importer(815301076,1909f56bfc062723c751e8b465ee728b)
Start importing Assets/Scripts using Guid(02a3527b6b33a924e8ec66aa805ea717) Importer(815301076,1909f56bfc062723c751e8b465ee728b)  -> (artifact id: 'f0a913a0049096cde5d6a727232f232f') in 0.011462 seconds 
  Import took 0.088637 seconds .

========================================================================
Received Import Request.
  Time since last request: 0.524590 seconds.
  path: Assets/Scripts/SimpleCameraController.cs
  artifactKey: Guid(be76e5f14cfee674cb30b491fb72b09b) Importer(815301076,1909f56bfc062723c751e8b465ee728b)
Start importing Assets/Scripts/SimpleCameraController.cs using Guid(be76e5f14cfee674cb30b491fb72b09b) Importer(815301076,1909f56bfc062723c751e8b465ee728b)  -> (artifact id: '6fabacd34a50697f141b69331c2a601e') in 0.261398 seconds 
  Import took 0.279664 seconds .

========================================================================
Received Import Request.
  Time since last request: 21.736485 seconds.
  path: Assets/Scripts/BowlingBallController.cs
  artifactKey: Guid(1785319f7755a437b87f89353720cf14) Importer(815301076,1909f56bfc062723c751e8b465ee728b)
Start importing Assets/Scripts/BowlingBallController.cs using Guid(1785319f7755a437b87f89353720cf14) Importer(815301076,1909f56bfc062723c751e8b465ee728b)  -> (artifact id: 'd2815025ec97ad6703c9197da83780d4') in 0.003142 seconds 
  Import took 0.025689 seconds .

========================================================================
Received Prepare
Registering precompiled user dll's ...
Registered in 0.055937 seconds.
Begin MonoManager ReloadAssembly
Native extension for OSXStandalone target not found
Native extension for WebGL target not found
Refreshing native plugins compatible for Editor in 1.68 ms, found 3 plugins.
Preloading 1 native plugins for Editor in 0.87 ms.
Mono: successfully reloaded assembly
- Completed reload, in  5.397 seconds
Domain Reload Profiling:
	ReloadAssembly (5403ms)
		BeginReloadAssembly (1098ms)
			ExecutionOrderSort (0ms)
			DisableScriptedObjects (42ms)
			BackupInstance (0ms)
			ReleaseScriptingObjects (0ms)
			CreateAndSetChildDomain (615ms)
		EndReloadAssembly (3993ms)
			LoadAssemblies (581ms)
			RebuildTransferFunctionScriptingTraits (0ms)
			SetupTypeCache (1875ms)
			ReleaseScriptCaches (3ms)
			RebuildScriptCaches (138ms)
			SetupLoadedEditorAssemblies (895ms)
				LogAssemblyErrors (0ms)
				InitializePlatformSupportModulesInManaged (9ms)
				SetLoadedEditorAssemblies (1ms)
				RefreshPlugins (3ms)
				BeforeProcessingInitializeOnLoad (238ms)
				ProcessInitializeOnLoadAttributes (624ms)
				ProcessInitializeOnLoadMethodAttributes (17ms)
				AfterProcessingInitializeOnLoad (3ms)
				EditorAssembliesLoaded (0ms)
			ExecutionOrderSort2 (0ms)
			AwakeInstancesAfterBackupRestoration (25ms)
Platform modules already initialized, skipping
Switching build target platform(2) subTarget(0) extendedPlatform(0) -> platform(13) subTarget(524294) extendedPlatform(0)
Refreshing native plugins compatible for Editor in 1.12 ms, found 3 plugins.
Preloading 1 native plugins for Editor in 0.70 ms.
Unloading 3527 Unused Serialized files (Serialized files now loaded: 0)
System memory in use before: 294.9 MB.
System memory in use after: 295.2 MB.

Unloading 33 unused Assets to reduce memory usage. Loaded Objects now: 4207.
Total: 13.505670 ms (FindLiveObjects: 0.900997 ms CreateObjectMapping: 0.339372 ms MarkObjects: 12.147213 ms  DeleteObjects: 0.116648 ms)

AssetImportParameters requested are different than current active one (requested -> active):
  custom:video-decoder-ogg-theora: a1e56fd34408186e4bbccfd4996cb3dc -> 
  custom:container-muxer-webm: aa71ff27fc2769a1b78a27578f13a17b -> 
  custom:container-demuxer-webm: 4f35f7cbe854078d1ac9338744f61a02 -> 
  custom:container-demuxer-ogg: 62fdf1f143b41e24485cea50d1cbac27 -> 
  custom:video-encoder-webm-vp8: eb34c28f22e8b96e1ab97ce403110664 -> 
  custom:framework-osx-AVFoundation: b23960f63f64bdc6ff669e2cdcee2391 -> 
  custom:video-decoder-webm-vp8: 9c59270c3fd7afecdb556c50c9e8de78 -> 
  custom:graphics/normal-map-encoding: 01000000000000000000000000000000 -> 02000000000000000000000000000000
  custom:audio-decoder-ogg-vorbis: bf7c407c2cedff20999df2af8eb42d56 -> 
  custom:audio-encoder-webm-vorbis: bf7c407c2cedff20999df2af8eb42d56 -> 
========================================================================
Received Import Request.
  Time since last request: 40.421327 seconds.
  path: Assets/Scripts/NewBehaviourScript.cs
  artifactKey: Guid(29211837e72ea421da8376df5c3f6840) Importer(815301076,1909f56bfc062723c751e8b465ee728b)
Start importing Assets/Scripts/NewBehaviourScript.cs using Guid(29211837e72ea421da8376df5c3f6840) Importer(815301076,1909f56bfc062723c751e8b465ee728b)  -> (artifact id: '434bb24e3fee4b2e013f3e7a584df395') in 0.010278 seconds 
  Import took 0.020792 seconds .

========================================================================
Received Prepare
Registering precompiled user dll's ...
Registered in 0.019964 seconds.
Begin MonoManager ReloadAssembly
Native extension for OSXStandalone target not found
Native extension for WebGL target not found
Refreshing native plugins compatible for Editor in 1.70 ms, found 3 plugins.
Preloading 1 native plugins for Editor in 0.47 ms.
Mono: successfully reloaded assembly
- Completed reload, in  2.036 seconds
Domain Reload Profiling:
	ReloadAssembly (2037ms)
		BeginReloadAssembly (246ms)
			ExecutionOrderSort (0ms)
			DisableScriptedObjects (9ms)
			BackupInstance (0ms)
			ReleaseScriptingObjects (0ms)
			CreateAndSetChildDomain (126ms)
		EndReloadAssembly (1671ms)
			LoadAssemblies (168ms)
			RebuildTransferFunctionScriptingTraits (0ms)
			SetupTypeCache (560ms)
			ReleaseScriptCaches (1ms)
			RebuildScriptCaches (80ms)
			SetupLoadedEditorAssemblies (540ms)
				LogAssemblyErrors (0ms)
				InitializePlatformSupportModulesInManaged (5ms)
				SetLoadedEditorAssemblies (1ms)
				RefreshPlugins (2ms)
				BeforeProcessingInitializeOnLoad (151ms)
				ProcessInitializeOnLoadAttributes (365ms)
				ProcessInitializeOnLoadMethodAttributes (15ms)
				AfterProcessingInitializeOnLoad (1ms)
				EditorAssembliesLoaded (0ms)
			ExecutionOrderSort2 (0ms)
			AwakeInstancesAfterBackupRestoration (31ms)
Platform modules already initialized, skipping
Switching build target platform(2) subTarget(0) extendedPlatform(0) -> platform(13) subTarget(524294) extendedPlatform(0)
Refreshing native plugins compatible for Editor in 1.56 ms, found 3 plugins.
Preloading 1 native plugins for Editor in 0.59 ms.
Unloading 3528 Unused Serialized files (Serialized files now loaded: 0)
System memory in use before: 295.3 MB.
System memory in use after: 295.6 MB.

Unloading 32 unused Assets to reduce memory usage. Loaded Objects now: 4211.
Total: 5.500059 ms (FindLiveObjects: 0.291867 ms CreateObjectMapping: 0.192673 ms MarkObjects: 4.974559 ms  DeleteObjects: 0.039971 ms)

AssetImportParameters requested are different than current active one (requested -> active):
  custom:video-decoder-ogg-theora: a1e56fd34408186e4bbccfd4996cb3dc -> 
  custom:container-muxer-webm: aa71ff27fc2769a1b78a27578f13a17b -> 
  custom:container-demuxer-webm: 4f35f7cbe854078d1ac9338744f61a02 -> 
  custom:container-demuxer-ogg: 62fdf1f143b41e24485cea50d1cbac27 -> 
  custom:video-encoder-webm-vp8: eb34c28f22e8b96e1ab97ce403110664 -> 
  custom:framework-osx-AVFoundation: b23960f63f64bdc6ff669e2cdcee2391 -> 
  custom:video-decoder-webm-vp8: 9c59270c3fd7afecdb556c50c9e8de78 -> 
  custom:graphics/normal-map-encoding: 01000000000000000000000000000000 -> 02000000000000000000000000000000
  custom:audio-decoder-ogg-vorbis: bf7c407c2cedff20999df2af8eb42d56 -> 
  custom:audio-encoder-webm-vorbis: bf7c407c2cedff20999df2af8eb42d56 -> 
========================================================================
Received Import Request.
  Time since last request: 13.223028 seconds.
  path: Assets/Scripts/PinController.cs
  artifactKey: Guid(29211837e72ea421da8376df5c3f6840) Importer(815301076,1909f56bfc062723c751e8b465ee728b)
Start importing Assets/Scripts/PinController.cs using Guid(29211837e72ea421da8376df5c3f6840) Importer(815301076,1909f56bfc062723c751e8b465ee728b)  -> (artifact id: '277251d965ae97c30df669c1684e4db8') in 0.006400 seconds 
  Import took 0.020606 seconds .

========================================================================
Received Prepare
Registering precompiled user dll's ...
Registered in 0.004297 seconds.
Begin MonoManager ReloadAssembly
Native extension for OSXStandalone target not found
Native extension for WebGL target not found
Refreshing native plugins compatible for Editor in 1.75 ms, found 3 plugins.
Preloading 1 native plugins for Editor in 0.62 ms.
Mono: successfully reloaded assembly
- Completed reload, in  2.443 seconds
Domain Reload Profiling:
	ReloadAssembly (2443ms)
		BeginReloadAssembly (193ms)
			ExecutionOrderSort (0ms)
			DisableScriptedObjects (8ms)
			BackupInstance (0ms)
			ReleaseScriptingObjects (0ms)
			CreateAndSetChildDomain (113ms)
		EndReloadAssembly (2128ms)
			LoadAssemblies (121ms)
			RebuildTransferFunctionScriptingTraits (0ms)
			SetupTypeCache (734ms)
			ReleaseScriptCaches (2ms)
			RebuildScriptCaches (143ms)
			SetupLoadedEditorAssemblies (653ms)
				LogAssemblyErrors (0ms)
				InitializePlatformSupportModulesInManaged (9ms)
				SetLoadedEditorAssemblies (1ms)
				RefreshPlugins (2ms)
				BeforeProcessingInitializeOnLoad (244ms)
				ProcessInitializeOnLoadAttributes (381ms)
				ProcessInitializeOnLoadMethodAttributes (15ms)
				AfterProcessingInitializeOnLoad (1ms)
				EditorAssembliesLoaded (0ms)
			ExecutionOrderSort2 (0ms)
			AwakeInstancesAfterBackupRestoration (24ms)
Platform modules already initialized, skipping
Switching build target platform(2) subTarget(0) extendedPlatform(0) -> platform(13) subTarget(524294) extendedPlatform(0)
Refreshing native plugins compatible for Editor in 1.15 ms, found 3 plugins.
Preloading 1 native plugins for Editor in 0.44 ms.
Unloading 3528 Unused Serialized files (Serialized files now loaded: 0)
System memory in use before: 295.6 MB.
System memory in use after: 295.9 MB.

Unloading 32 unused Assets to reduce memory usage. Loaded Objects now: 4214.
Total: 5.884415 ms (FindLiveObjects: 0.416908 ms CreateObjectMapping: 0.326382 ms MarkObjects: 5.096303 ms  DeleteObjects: 0.043652 ms)

AssetImportParameters requested are different than current active one (requested -> active):
  custom:video-decoder-ogg-theora: a1e56fd34408186e4bbccfd4996cb3dc -> 
  custom:container-muxer-webm: aa71ff27fc2769a1b78a27578f13a17b -> 
  custom:container-demuxer-webm: 4f35f7cbe854078d1ac9338744f61a02 -> 
  custom:container-demuxer-ogg: 62fdf1f143b41e24485cea50d1cbac27 -> 
  custom:video-encoder-webm-vp8: eb34c28f22e8b96e1ab97ce403110664 -> 
  custom:framework-osx-AVFoundation: b23960f63f64bdc6ff669e2cdcee2391 -> 
  custom:video-decoder-webm-vp8: 9c59270c3fd7afecdb556c50c9e8de78 -> 
  custom:graphics/normal-map-encoding: 01000000000000000000000000000000 -> 02000000000000000000000000000000
  custom:audio-decoder-ogg-vorbis: bf7c407c2cedff20999df2af8eb42d56 -> 
  custom:audio-encoder-webm-vorbis: bf7c407c2cedff20999df2af8eb42d56 -> 
AssetImportWorkerClient::OnTransportError - code=2 error=End of file
